v8-version,7,5,0,0,1
shared-library,/run/media/jz/\xe6\x96\xb0\xe5\x8a\xa0\xe5\x8d\xb7/v8_leak/x64.release/d8,0x557f4fc3c000,0x557f50e8d000,0
shared-library,/usr/lib/libc-2.33.so,0x7f2e8160b000,0x7f2e8177d000,0
shared-library,/usr/lib/libgcc_s.so.1,0x7f2e817d8000,0x7f2e817ec000,0
shared-library,/usr/lib/libm-2.33.so,0x7f2e817f2000,0x7f2e8189c000,0
shared-library,/usr/lib/librt-2.33.so,0x7f2e81937000,0x7f2e8193e000,0
shared-library,/usr/lib/libpthread-2.33.so,0x7f2e81942000,0x7f2e81958000,0
shared-library,/usr/lib/ld-2.33.so,0x7f2e8198c000,0x7f2e819b1000,0
shared-library,[vdso],0x7ffe8555b000,0x7ffe8555d000,0
profiler,begin,1000
tick,0x7f2e819579ba,665,0,0x0,6
tick,0x557f503ad917,1761,0,0x0,6
tick,0x7f2e81704cdb,2814,0,0x0,6
tick,0x557f50680099,3932,0,0x0,5
tick,0x7f2e816fb08a,5016,0,0x0,6
tick,0x7f2e816fb08a,6075,0,0x0,6
tick,0x7f2e816fb08a,7149,0,0x0,6
tick,0x7f2e816fb08a,8299,0,0x0,6
tick,0x7f2e816fb08a,9360,0,0x0,6
tick,0x7f2e816fb08a,10410,0,0x0,6
tick,0x7f2e816fb08a,11474,0,0x0,6
tick,0x7f2e816fb08a,12571,0,0x0,6
tick,0x7f2e816fb08a,13550,0,0x0,6
tick,0x7f2e816fb08a,14564,0,0x0,6
tick,0x7f2e816fb08a,15760,0,0x0,6
tick,0x7f2e816fb08a,16828,0,0x0,6
tick,0x7f2e816fb08a,17866,0,0x0,6
tick,0x7f2e816fb08a,18949,0,0x0,6
tick,0x7f2e816fb08a,20047,0,0x0,6
tick,0x7f2e816fb08a,21114,0,0x0,6
tick,0x7f2e816fb08a,22209,0,0x0,6
tick,0x7f2e816fb08a,23239,0,0x0,6
tick,0x7f2e816fb08a,24322,0,0x0,6
tick,0x7f2e816fb08a,25402,0,0x0,6
tick,0x7f2e816fb08a,26468,0,0x0,6
tick,0x7f2e816fb08a,27457,0,0x0,6
tick,0x7f2e816fb08a,28543,0,0x0,6
tick,0x7f2e816fb08a,29681,0,0x0,6
tick,0x7f2e816fb08a,30749,0,0x0,6
tick,0x7f2e816fb08a,31816,0,0x0,6
tick,0x7f2e816fb08a,32886,0,0x0,6
tick,0x7f2e816fb08a,33947,0,0x0,6
tick,0x7f2e816fb08a,35009,0,0x0,6
tick,0x7f2e816fb08a,36115,0,0x0,6
tick,0x7f2e816fb08a,37173,0,0x0,6
tick,0x7f2e816fb08a,38174,0,0x0,6
tick,0x7f2e816fb08a,39253,0,0x0,6
tick,0x7f2e816fb08a,40329,0,0x0,6
tick,0x7f2e816fb08a,41467,0,0x0,6
tick,0x7f2e816fb08a,42542,0,0x0,6
tick,0x7f2e816fb08a,43548,0,0x0,6
tick,0x7f2e816fb08a,44640,0,0x0,6
tick,0x7f2e816fb08a,45730,0,0x0,6
tick,0x7f2e816fb08a,46807,0,0x0,6
tick,0x7f2e816fb08a,48023,0,0x0,6
tick,0x7f2e816fb08a,49101,0,0x0,6
tick,0x7f2e816fb08a,50175,0,0x0,6
tick,0x7f2e816fb08a,51240,0,0x0,6
tick,0x7f2e816fb08a,52314,0,0x0,6
tick,0x7f2e816fb08a,53317,0,0x0,6
tick,0x7f2e816fb08a,54445,0,0x0,6
tick,0x7f2e816fb08a,55518,0,0x0,6
tick,0x7f2e816fb08a,56574,0,0x0,6
tick,0x7f2e816fb08a,57653,0,0x0,6
tick,0x7f2e816fb08a,58716,0,0x0,6
tick,0x7f2e816fb08a,59785,0,0x0,6
tick,0x7f2e816fb08a,60849,0,0x0,6
tick,0x7f2e816fb08a,61932,0,0x0,6
tick,0x7f2e816fb08a,63001,0,0x0,6
tick,0x7f2e816fb08a,64080,0,0x0,6
tick,0x7f2e816fb08a,65152,0,0x0,6
tick,0x7f2e816fb08a,66215,0,0x0,6
tick,0x7f2e816fb08a,67281,0,0x0,6
tick,0x7f2e816fb08a,68299,0,0x0,6
tick,0x7f2e816fb08a,69437,0,0x0,6
tick,0x7f2e816fb08a,70509,0,0x0,6
tick,0x7f2e816fb08a,71563,0,0x0,6
tick,0x7f2e816fb08a,72625,0,0x0,6
tick,0x7f2e816fb08a,73626,0,0x0,6
tick,0x7f2e816fb08a,74695,0,0x0,6
tick,0x7f2e816fb08a,75758,0,0x0,6
tick,0x7f2e816fb08a,76842,0,0x0,6
tick,0x7f2e816fb08a,77989,0,0x0,6
tick,0x7f2e816fb08a,79055,0,0x0,6
tick,0x7f2e816fb08a,80118,0,0x0,6
tick,0x7f2e816fb08a,81348,0,0x0,6
tick,0x7f2e816fb08a,82423,0,0x0,6
tick,0x7f2e816fb08a,83490,0,0x0,6
tick,0x7f2e816fb08a,84543,0,0x0,6
tick,0x7f2e816fb08a,85566,0,0x0,6
tick,0x7f2e816fb08a,86636,0,0x0,6
tick,0x7f2e816fb08a,87781,0,0x0,6
tick,0x7f2e816fb08a,88873,0,0x0,6
tick,0x7f2e816fb08a,89850,0,0x0,6
tick,0x7f2e816fb08a,90977,0,0x0,6
tick,0x7f2e816fb08a,92056,0,0x0,6
tick,0x7f2e816fb08a,93125,0,0x0,6
tick,0x7f2e816fb08a,94188,0,0x0,6
tick,0x7f2e816fb08a,95265,0,0x0,6
tick,0x7f2e816fb08a,96322,0,0x0,6
tick,0x7f2e816fb08a,97412,0,0x0,6
tick,0x7f2e816fb08a,98470,0,0x0,6
tick,0x7f2e816fb08a,99533,0,0x0,6
tick,0x7f2e816fb08a,100599,0,0x0,6
tick,0x7f2e816fb08a,101665,0,0x0,6
tick,0x7f2e816fb08a,102737,0,0x0,6
tick,0x7f2e816fb08a,103807,0,0x0,6
tick,0x7f2e816fb08a,104817,0,0x0,6
tick,0x7f2e816fb08a,105865,0,0x0,6
tick,0x7f2e816fb08a,106977,0,0x0,6
tick,0x7f2e816fb08a,108068,0,0x0,6
tick,0x7f2e816fb08a,109145,0,0x0,6
tick,0x7f2e816fb08a,110175,0,0x0,6
tick,0x7f2e816fb08a,111246,0,0x0,6
tick,0x7f2e816fb08a,112289,0,0x0,6
tick,0x7f2e816fb08a,113331,0,0x0,6
tick,0x7f2e816fb08a,114637,0,0x0,6
tick,0x7f2e816fb08a,115791,0,0x0,6
tick,0x7f2e816fb08a,116814,0,0x0,6
tick,0x7f2e816fb08a,117900,0,0x0,6
tick,0x7f2e816fb08a,118982,0,0x0,6
tick,0x7f2e816fb08a,120027,0,0x0,6
tick,0x7f2e816fb08a,121081,0,0x0,6
tick,0x7f2e816fb08a,122188,0,0x0,6
tick,0x7f2e816fb08a,123237,0,0x0,6
tick,0x7f2e816fb08a,124297,0,0x0,6
tick,0x7f2e816fb08a,125402,0,0x0,6
tick,0x7f2e816fb08a,126476,0,0x0,6
tick,0x7f2e816fb08a,127539,0,0x0,6
tick,0x7f2e816fb08a,128645,0,0x0,6
tick,0x7f2e816fb08a,129707,0,0x0,6
tick,0x7f2e816fb08a,130774,0,0x0,6
tick,0x7f2e816fb08a,131842,0,0x0,6
tick,0x7f2e816fb08a,132904,0,0x0,6
tick,0x7f2e816fb08a,133966,0,0x0,6
tick,0x7f2e816fb08a,135012,0,0x0,6
tick,0x7f2e816fb08a,136141,0,0x0,6
tick,0x7f2e816fb08a,137163,0,0x0,6
tick,0x7f2e816fb08a,138270,0,0x0,6
tick,0x7f2e816fb08a,139318,0,0x0,6
tick,0x7f2e816fb08a,140368,0,0x0,6
tick,0x7f2e816fb08a,141465,0,0x0,6
tick,0x7f2e816fb08a,142649,0,0x0,6
tick,0x7f2e816fb08a,143690,0,0x0,6
tick,0x7f2e816fb08a,144777,0,0x0,6
tick,0x7f2e816fb08a,145843,0,0x0,6
tick,0x7f2e816fb08a,146910,0,0x0,6
tick,0x7f2e816fb08a,148025,0,0x0,6
tick,0x7f2e816fb08a,149077,0,0x0,6
tick,0x7f2e816fb08a,150167,0,0x0,6
tick,0x7f2e816fb08a,151168,0,0x0,6
tick,0x7f2e816fb08a,152301,0,0x0,6
tick,0x7f2e816fb08a,153375,0,0x0,6
tick,0x7f2e816fb08a,154432,0,0x0,6
tick,0x7f2e816fb08a,155538,0,0x0,6
tick,0x7f2e816fb08a,156597,0,0x0,6
tick,0x7f2e816fb08a,157662,0,0x0,6
tick,0x7f2e816fb08a,158727,0,0x0,6
tick,0x7f2e816fb08a,159827,0,0x0,6
tick,0x7f2e816fb08a,160845,0,0x0,6
tick,0x7f2e816fb08a,161960,0,0x0,6
tick,0x7f2e816fb08a,163004,0,0x0,6
tick,0x7f2e816fb08a,164062,0,0x0,6
tick,0x7f2e816fb08a,165165,0,0x0,6
tick,0x7f2e816fb08a,166229,0,0x0,6
tick,0x7f2e816fb08a,167275,0,0x0,6
tick,0x7f2e816fb08a,168268,0,0x0,6
tick,0x7f2e816fb08a,169420,0,0x0,6
tick,0x7f2e816fb08a,170431,0,0x0,6
tick,0x7f2e816fb08a,171493,0,0x0,6
tick,0x7f2e816fb08a,172624,0,0x0,6
tick,0x7f2e816fb08a,173639,0,0x0,6
tick,0x7f2e816fb08a,174718,0,0x0,6
tick,0x7f2e816fb08a,175856,0,0x0,6
tick,0x7f2e816fb08a,176827,0,0x0,6
tick,0x7f2e816fb08a,177889,0,0x0,6
tick,0x7f2e816fb08a,179057,0,0x0,6
tick,0x7f2e816fb08a,180127,0,0x0,6
tick,0x7f2e816fb08a,181399,0,0x0,6
tick,0x7f2e816fb08a,182469,0,0x0,6
tick,0x7f2e816fb08a,183496,0,0x0,6
tick,0x7f2e816fb08a,184557,0,0x0,6
tick,0x7f2e816fb08a,185686,0,0x0,6
tick,0x7f2e816fb08a,186730,0,0x0,6
tick,0x7f2e816fb08a,187761,0,0x0,6
tick,0x7f2e816fb08a,188891,0,0x0,6
tick,0x7f2e816fb08a,189936,0,0x0,6
tick,0x7f2e816fb08a,190996,0,0x0,6
tick,0x7f2e816fb08a,192059,0,0x0,6
tick,0x7f2e816fb08a,193165,0,0x0,6
tick,0x7f2e816fb08a,194148,0,0x0,6
tick,0x7f2e816fb08a,195243,0,0x0,6
tick,0x7f2e816fb08a,196310,0,0x0,6
tick,0x7f2e816fb08a,197380,0,0x0,6
tick,0x7f2e816fb08a,198510,0,0x0,6
tick,0x7f2e816fb08a,199543,0,0x0,6
tick,0x7f2e816fb08a,200614,0,0x0,6
tick,0x7f2e816fb08a,201649,0,0x0,6
tick,0x7f2e816fb08a,202734,0,0x0,6
tick,0x7f2e816fb08a,203751,0,0x0,6
tick,0x7f2e816fb08a,204839,0,0x0,6
tick,0x7f2e816fb08a,205945,0,0x0,6
tick,0x7f2e816fb08a,206977,0,0x0,6
tick,0x7f2e816fb08a,208031,0,0x0,6
tick,0x7f2e816fb08a,209132,0,0x0,6
tick,0x7f2e816fb08a,210218,0,0x0,6
tick,0x7f2e816fb08a,211248,0,0x0,6
tick,0x7f2e816fb08a,212264,0,0x0,6
tick,0x7f2e816fb08a,213322,0,0x0,6
tick,0x7f2e816fb08a,214679,0,0x0,6
tick,0x7f2e816fb08a,215818,0,0x0,6
tick,0x7f2e816fb08a,216859,0,0x0,6
tick,0x7f2e816fb08a,217884,0,0x0,6
tick,0x7f2e816fb08a,219016,0,0x0,6
tick,0x7f2e816fb08a,220084,0,0x0,6
tick,0x7f2e816fb08a,221061,0,0x0,6
tick,0x7f2e816fb08a,222223,0,0x0,6
tick,0x7f2e816fb08a,223315,0,0x0,6
tick,0x7f2e816fb08a,224370,0,0x0,6
tick,0x7f2e816fb08a,225436,0,0x0,6
tick,0x7f2e816fb08a,226501,0,0x0,6
tick,0x7f2e816fb08a,227612,0,0x0,6
tick,0x7f2e816fb08a,228680,0,0x0,6
tick,0x7f2e816fb08a,229718,0,0x0,6
tick,0x7f2e816fb08a,230753,0,0x0,6
tick,0x7f2e816fb08a,231811,0,0x0,6
tick,0x7f2e816fb08a,232945,0,0x0,6
tick,0x7f2e816fb08a,234021,0,0x0,6
tick,0x7f2e816fb08a,235086,0,0x0,6
tick,0x7f2e816fb08a,236145,0,0x0,6
tick,0x7f2e816fb08a,237204,0,0x0,6
tick,0x7f2e816fb08a,238315,0,0x0,6
tick,0x7f2e816fb08a,239323,0,0x0,6
tick,0x7f2e816fb08a,240384,0,0x0,6
tick,0x7f2e816fb08a,241458,0,0x0,6
tick,0x7f2e816fb08a,242591,0,0x0,6
tick,0x7f2e816fb08a,243655,0,0x0,6
tick,0x7f2e816fb08a,244736,0,0x0,6
tick,0x7f2e816fb08a,245794,0,0x0,6
tick,0x7f2e816fb08a,246782,0,0x0,6
tick,0x7f2e816fb08a,248009,0,0x0,6
tick,0x7f2e816fb08a,249082,0,0x0,6
tick,0x7f2e816fb08a,250153,0,0x0,6
tick,0x7f2e816fb08a,251213,0,0x0,6
tick,0x7f2e816fb08a,252355,0,0x0,6
tick,0x7f2e816fb08a,253444,0,0x0,6
tick,0x7f2e816fb08a,254499,0,0x0,6
tick,0x7f2e816fb08a,255512,0,0x0,6
tick,0x7f2e816fb08a,256609,0,0x0,6
tick,0x7f2e816fb08a,257667,0,0x0,6
tick,0x7f2e816fb08a,258779,0,0x0,6
tick,0x7f2e816fb08a,259896,0,0x0,6
tick,0x7f2e816fb08a,260920,0,0x0,6
tick,0x7f2e816fb08a,261986,0,0x0,6
tick,0x7f2e816fb08a,263043,0,0x0,6
tick,0x7f2e816fb08a,264144,0,0x0,6
tick,0x7f2e816fb08a,265219,0,0x0,6
tick,0x7f2e816fb08a,266291,0,0x0,6
tick,0x7f2e816fb08a,267285,0,0x0,6
tick,0x7f2e816fb08a,268436,0,0x0,6
tick,0x7f2e816fb08a,269513,0,0x0,6
tick,0x7f2e816fb08a,270570,0,0x0,6
tick,0x7f2e816fb08a,271613,0,0x0,6
tick,0x7f2e816fb08a,272695,0,0x0,6
tick,0x7f2e816fb08a,273761,0,0x0,6
tick,0x7f2e816fb08a,274792,0,0x0,6
tick,0x7f2e816fb08a,275919,0,0x0,6
tick,0x7f2e816fb08a,276982,0,0x0,6
tick,0x7f2e816fb08a,278020,0,0x0,6
tick,0x7f2e816fb08a,279115,0,0x0,6
tick,0x7f2e816fb08a,280171,0,0x0,6
tick,0x7f2e816fb08a,281354,0,0x0,6
tick,0x7f2e816fb08a,282426,0,0x0,6
tick,0x7f2e816fb08a,283424,0,0x0,6
tick,0x7f2e816fb08a,284535,0,0x0,6
tick,0x7f2e816fb08a,285612,0,0x0,6
tick,0x7f2e816fb08a,286639,0,0x0,6
tick,0x7f2e816fb08a,287644,0,0x0,6
tick,0x7f2e816fb08a,288838,0,0x0,6
tick,0x7f2e816fb08a,289917,0,0x0,6
tick,0x7f2e816fb08a,290989,0,0x0,6
tick,0x7f2e816fb08a,292000,0,0x0,6
tick,0x7f2e816fb08a,293108,0,0x0,6
tick,0x7f2e816fb08a,294212,0,0x0,6
tick,0x7f2e816fb08a,295286,0,0x0,6
tick,0x7f2e816fb08a,296357,0,0x0,6
tick,0x7f2e816fb08a,297357,0,0x0,6
tick,0x7f2e816fb08a,298449,0,0x0,6
tick,0x7f2e816fb08a,299557,0,0x0,6
tick,0x7f2e816fb08a,300634,0,0x0,6
tick,0x7f2e816fb08a,301676,0,0x0,6
tick,0x7f2e816fb08a,302749,0,0x0,6
tick,0x7f2e816fb08a,303824,0,0x0,6
tick,0x7f2e816fb08a,304975,0,0x0,6
tick,0x7f2e816fb08a,305973,0,0x0,6
tick,0x7f2e816fb08a,307037,0,0x0,6
tick,0x7f2e816fb08a,307994,0,0x0,6
tick,0x7f2e816fb08a,309063,0,0x0,6
tick,0x7f2e816fb08a,310126,0,0x0,6
tick,0x7f2e816fb08a,311309,0,0x0,6
tick,0x7f2e816fb08a,312407,0,0x0,6
tick,0x7f2e816fb08a,313454,0,0x0,6
tick,0x7f2e816fb08a,314646,0,0x0,6
tick,0x7f2e816fb08a,315756,0,0x0,6
tick,0x7f2e816fb08a,316807,0,0x0,6
tick,0x7f2e816fb08a,317894,0,0x0,6
tick,0x7f2e816fb08a,318939,0,0x0,6
tick,0x7f2e816fb08a,319972,0,0x0,6
tick,0x7f2e816fb08a,321042,0,0x0,6
tick,0x7f2e816fb08a,322178,0,0x0,6
tick,0x7f2e816fb08a,323236,0,0x0,6
tick,0x7f2e816fb08a,324328,0,0x0,6
tick,0x7f2e816fb08a,325577,0,0x0,6
tick,0x7f2e816fb08a,326477,0,0x0,6
tick,0x7f2e816fb08a,327552,0,0x0,6
tick,0x7f2e816fb08a,328546,0,0x0,6
tick,0x7f2e816fb08a,329699,0,0x0,6
tick,0x7f2e816fb08a,330795,0,0x0,6
tick,0x7f2e816fb08a,331797,0,0x0,6
tick,0x7f2e816fb08a,332906,0,0x0,6
tick,0x7f2e816fb08a,333984,0,0x0,6
tick,0x7f2e816fb08a,335035,0,0x0,6
tick,0x7f2e816fb08a,336088,0,0x0,6
tick,0x7f2e816fb08a,337155,0,0x0,6
tick,0x7f2e816fb08a,338260,0,0x0,6
tick,0x7f2e816fb08a,339321,0,0x0,6
tick,0x7f2e816fb08a,340384,0,0x0,6
tick,0x7f2e816fb08a,341409,0,0x0,6
tick,0x7f2e816fb08a,342479,0,0x0,6
tick,0x7f2e816fb08a,343489,0,0x0,6
tick,0x7f2e816fb08a,344612,0,0x0,6
tick,0x7f2e816fb08a,345746,0,0x0,6
tick,0x7f2e816fb08a,346801,0,0x0,6
tick,0x7f2e816fb08a,347975,0,0x0,6
tick,0x7f2e816fb08a,349074,0,0x0,6
tick,0x7f2e816fb08a,350125,0,0x0,6
tick,0x7f2e816fb08a,351176,0,0x0,6
tick,0x7f2e816fb08a,352222,0,0x0,6
tick,0x7f2e816fb08a,353284,0,0x0,6
tick,0x7f2e816fb08a,354417,0,0x0,6
tick,0x7f2e816fb08a,355489,0,0x0,6
tick,0x7f2e816fb08a,356512,0,0x0,6
tick,0x7f2e816fb08a,357644,0,0x0,6
tick,0x7f2e816fb08a,358720,0,0x0,6
tick,0x7f2e816fb08a,359798,0,0x0,6
tick,0x7f2e816fb08a,360861,0,0x0,6
tick,0x7f2e816fb08a,361954,0,0x0,6
tick,0x7f2e816fb08a,362964,0,0x0,6
tick,0x7f2e816fb08a,364052,0,0x0,6
tick,0x7f2e816fb08a,365164,0,0x0,6
tick,0x7f2e816fb08a,366221,0,0x0,6
tick,0x7f2e816fb08a,367296,0,0x0,6
tick,0x7f2e816fb08a,368346,0,0x0,6
tick,0x7f2e816fb08a,369444,0,0x0,6
tick,0x7f2e816fb08a,370532,0,0x0,6
tick,0x7f2e816fb08a,371606,0,0x0,6
tick,0x7f2e816fb08a,372723,0,0x0,6
tick,0x7f2e816fb08a,373793,0,0x0,6
tick,0x7f2e816fb08a,374747,0,0x0,6
tick,0x7f2e816fb08a,375891,0,0x0,6
tick,0x7f2e816fb08a,377052,0,0x0,6
tick,0x7f2e816fb08a,378119,0,0x0,6
tick,0x7f2e816fb08a,379223,0,0x0,6
tick,0x7f2e816fb08a,380295,0,0x0,6
tick,0x7f2e816fb08a,381310,0,0x0,6
tick,0x7f2e816fb08a,382407,0,0x0,6
tick,0x7f2e816fb08a,383469,0,0x0,6
tick,0x7f2e816fb08a,384569,0,0x0,6
tick,0x7f2e816fb08a,385575,0,0x0,6
tick,0x7f2e816fb08a,386642,0,0x0,6
tick,0x7f2e816fb08a,387689,0,0x0,6
tick,0x7f2e816fb08a,388834,0,0x0,6
tick,0x7f2e816fb08a,389865,0,0x0,6
tick,0x7f2e816fb08a,390944,0,0x0,6
tick,0x7f2e816fb08a,392011,0,0x0,6
tick,0x7f2e816fb08a,393082,0,0x0,6
tick,0x7f2e816fb08a,394154,0,0x0,6
tick,0x7f2e816fb08a,395242,0,0x0,6
tick,0x7f2e816fb08a,396253,0,0x0,6
tick,0x7f2e816fb08a,397350,0,0x0,6
tick,0x7f2e816fb08a,398384,0,0x0,6
tick,0x7f2e816fb08a,399543,0,0x0,6
tick,0x7f2e816fb08a,400564,0,0x0,6
tick,0x7f2e816fb08a,401696,0,0x0,6
tick,0x7f2e816fb08a,402807,0,0x0,6
tick,0x7f2e816fb08a,403863,0,0x0,6
tick,0x7f2e816fb08a,405039,0,0x0,6
tick,0x7f2e816fb08a,406091,0,0x0,6
tick,0x7f2e816fb08a,407173,0,0x0,6
tick,0x7f2e816fb08a,408263,0,0x0,6
tick,0x7f2e816fb08a,409365,0,0x0,6
tick,0x7f2e816fb08a,410451,0,0x0,6
tick,0x7f2e816fb08a,411559,0,0x0,6
tick,0x7f2e816fb08a,412586,0,0x0,6
tick,0x7f2e816fb08a,413713,0,0x0,6
tick,0x7f2e816fb08a,414969,0,0x0,6
tick,0x7f2e816fb08a,416025,0,0x0,6
tick,0x7f2e816fb08a,417086,0,0x0,6
tick,0x7f2e816fb08a,418120,0,0x0,6
tick,0x7f2e816fb08a,419202,0,0x0,6
tick,0x7f2e816fb08a,420304,0,0x0,6
tick,0x7f2e816fb08a,421387,0,0x0,6
tick,0x7f2e816fb08a,422464,0,0x0,6
tick,0x7f2e816fb08a,423521,0,0x0,6
tick,0x7f2e816fb08a,424564,0,0x0,6
tick,0x7f2e816fb08a,425655,0,0x0,6
tick,0x7f2e816fb08a,426667,0,0x0,6
tick,0x7f2e816fb08a,427736,0,0x0,6
tick,0x7f2e816fb08a,428862,0,0x0,6
tick,0x7f2e816fb08a,429939,0,0x0,6
tick,0x7f2e816fb08a,431048,0,0x0,6
tick,0x7f2e816fb08a,432107,0,0x0,6
tick,0x7f2e816fb08a,433167,0,0x0,6
tick,0x7f2e816fb08a,434189,0,0x0,6
tick,0x7f2e816fb08a,435254,0,0x0,6
tick,0x7f2e816fb08a,436351,0,0x0,6
tick,0x7f2e816fb08a,437410,0,0x0,6
tick,0x7f2e816fb08a,438453,0,0x0,6
tick,0x7f2e816fb08a,439590,0,0x0,6
tick,0x7f2e816fb08a,440660,0,0x0,6
tick,0x7f2e816fb08a,441761,0,0x0,6
tick,0x7f2e816fb08a,442863,0,0x0,6
tick,0x7f2e816fb08a,443900,0,0x0,6
tick,0x7f2e816fb08a,444936,0,0x0,6
tick,0x7f2e816fb08a,445995,0,0x0,6
tick,0x7f2e816fb08a,447063,0,0x0,6
tick,0x7f2e816fb08a,448202,0,0x0,6
tick,0x7f2e816fb08a,449237,0,0x0,6
tick,0x7f2e816fb08a,450323,0,0x0,6
tick,0x7f2e816fb08a,451329,0,0x0,6
tick,0x7f2e816fb08a,452457,0,0x0,6
tick,0x7f2e816fb08a,453438,0,0x0,6
tick,0x7f2e816fb08a,454512,0,0x0,6
tick,0x7f2e816fb08a,455621,0,0x0,6
tick,0x7f2e816fb08a,456707,0,0x0,6
tick,0x7f2e816fb08a,457775,0,0x0,6
tick,0x7f2e816fb08a,458854,0,0x0,6
tick,0x7f2e816fb08a,459903,0,0x0,6
tick,0x7f2e816fb08a,460997,0,0x0,6
tick,0x7f2e816fb08a,462051,0,0x0,6
tick,0x7f2e816fb08a,463120,0,0x0,6
tick,0x7f2e816fb08a,464184,0,0x0,6
tick,0x7f2e816fb08a,465282,0,0x0,6
tick,0x7f2e816fb08a,466321,0,0x0,6
tick,0x7f2e816fb08a,467413,0,0x0,6
tick,0x7f2e816fb08a,468479,0,0x0,6
tick,0x7f2e816fb08a,469570,0,0x0,6
tick,0x7f2e816fb08a,470627,0,0x0,6
tick,0x7f2e816fb08a,471721,0,0x0,6
tick,0x7f2e816fb08a,472773,0,0x0,6
tick,0x7f2e816fb08a,473875,0,0x0,6
tick,0x7f2e816fb08a,474939,0,0x0,6
tick,0x7f2e816fb08a,476027,0,0x0,6
tick,0x7f2e816fb08a,477132,0,0x0,6
tick,0x7f2e816fb08a,478248,0,0x0,6
tick,0x7f2e816fb08a,479347,0,0x0,6
tick,0x7f2e816fb08a,480434,0,0x0,6
tick,0x7f2e816fb08a,481441,0,0x0,6
tick,0x7f2e816fb08a,482554,0,0x0,6
tick,0x7f2e816fb08a,483620,0,0x0,6
tick,0x7f2e816fb08a,484639,0,0x0,6
tick,0x7f2e816fb08a,485781,0,0x0,6
tick,0x7f2e816fb08a,486844,0,0x0,6
tick,0x7f2e816fb08a,487827,0,0x0,6
tick,0x7f2e816fb08a,488979,0,0x0,6
tick,0x7f2e816fb08a,490020,0,0x0,6
tick,0x7f2e816fb08a,491108,0,0x0,6
tick,0x7f2e816fb08a,492149,0,0x0,6
tick,0x7f2e816fb08a,493215,0,0x0,6
tick,0x7f2e816fb08a,494308,0,0x0,6
tick,0x7f2e816fb08a,495384,0,0x0,6
tick,0x7f2e816fb08a,496414,0,0x0,6
tick,0x7f2e816fb08a,497493,0,0x0,6
tick,0x7f2e816fb08a,498587,0,0x0,6
tick,0x7f2e816fb08a,499646,0,0x0,6
tick,0x7f2e816fb08a,500710,0,0x0,6
tick,0x7f2e816fb08a,501802,0,0x0,6
tick,0x7f2e816fb08a,502866,0,0x0,6
tick,0x7f2e816fb08a,503919,0,0x0,6
tick,0x7f2e816fb08a,504945,0,0x0,6
tick,0x7f2e816fb08a,506039,0,0x0,6
tick,0x7f2e816fb08a,507136,0,0x0,6
tick,0x7f2e816fb08a,508222,0,0x0,6
tick,0x7f2e816fb08a,509264,0,0x0,6
tick,0x7f2e816fb08a,510267,0,0x0,6
tick,0x7f2e816fb08a,511370,0,0x0,6
tick,0x7f2e816fb08a,512444,0,0x0,6
tick,0x7f2e816fb08a,513534,0,0x0,6
tick,0x7f2e816fb08a,514652,0,0x0,6
tick,0x7f2e816fb08a,515730,0,0x0,6
tick,0x7f2e816fb08a,516850,0,0x0,6
tick,0x7f2e816fb08a,517888,0,0x0,6
tick,0x7f2e816fb08a,518893,0,0x0,6
tick,0x7f2e816fb08a,519968,0,0x0,6
tick,0x7f2e816fb08a,521138,0,0x0,6
tick,0x7f2e816fb08a,522179,0,0x0,6
tick,0x7f2e816fb08a,523242,0,0x0,6
tick,0x7f2e816fb08a,524278,0,0x0,6
tick,0x7f2e816fb08a,525289,0,0x0,6
tick,0x7f2e816fb08a,526429,0,0x0,6
tick,0x7f2e816fb08a,527508,0,0x0,6
tick,0x7f2e816fb08a,528589,0,0x0,6
tick,0x7f2e816fb08a,529653,0,0x0,6
tick,0x7f2e816fb08a,530742,0,0x0,6
tick,0x7f2e816fb08a,531817,0,0x0,6
tick,0x7f2e816fb08a,532876,0,0x0,6
tick,0x7f2e816fb08a,534001,0,0x0,6
tick,0x7f2e816fb08a,535065,0,0x0,6
tick,0x7f2e816fb08a,536134,0,0x0,6
tick,0x7f2e816fb08a,537346,0,0x0,6
tick,0x7f2e816fb08a,538453,0,0x0,6
tick,0x7f2e816fb08a,539599,0,0x0,6
tick,0x7f2e816fb08a,540679,0,0x0,6
tick,0x7f2e816fb08a,541836,0,0x0,6
tick,0x7f2e816fb08a,542901,0,0x0,6
tick,0x7f2e816fb08a,544062,0,0x0,6
tick,0x7f2e816fb08a,545085,0,0x0,6
tick,0x7f2e816fb08a,546257,0,0x0,6
tick,0x7f2e816fb08a,547317,0,0x0,6
tick,0x7f2e816fb08a,548422,0,0x0,6
tick,0x7f2e816fb08a,549486,0,0x0,6
tick,0x7f2e816fb08a,550579,0,0x0,6
tick,0x7f2e816fb08a,551666,0,0x0,6
tick,0x7f2e816fb08a,552729,0,0x0,6
tick,0x7f2e816fb08a,553820,0,0x0,6
tick,0x7f2e816fb08a,554890,0,0x0,6
tick,0x7f2e816fb08a,555955,0,0x0,6
tick,0x7f2e816fb08a,557028,0,0x0,6
tick,0x7f2e816fb08a,558088,0,0x0,6
tick,0x7f2e816fb08a,559160,0,0x0,6
tick,0x7f2e816fb08a,560223,0,0x0,6
tick,0x7f2e816fb08a,561238,0,0x0,6
tick,0x7f2e816fb08a,562320,0,0x0,6
tick,0x7f2e816fb08a,563388,0,0x0,6
tick,0x7f2e816fb08a,564464,0,0x0,6
tick,0x7f2e816fb08a,565585,0,0x0,6
tick,0x7f2e816fb08a,566683,0,0x0,6
tick,0x7f2e816fb08a,567742,0,0x0,6
tick,0x7f2e816fb08a,568828,0,0x0,6
tick,0x7f2e816fb08a,569840,0,0x0,6
tick,0x7f2e816fb08a,570962,0,0x0,6
tick,0x7f2e816fb08a,572110,0,0x0,6
tick,0x7f2e816fb08a,573208,0,0x0,6
tick,0x7f2e816fb08a,574247,0,0x0,6
tick,0x7f2e816fb08a,575278,0,0x0,6
tick,0x7f2e816fb08a,576346,0,0x0,6
tick,0x7f2e816fb08a,577427,0,0x0,6
tick,0x7f2e816fb08a,578557,0,0x0,6
tick,0x7f2e816fb08a,579622,0,0x0,6
tick,0x7f2e816fb08a,580655,0,0x0,6
tick,0x7f2e816fb08a,581737,0,0x0,6
tick,0x7f2e816fb08a,582874,0,0x0,6
tick,0x7f2e816fb08a,583927,0,0x0,6
tick,0x7f2e816fb08a,585029,0,0x0,6
tick,0x7f2e816fb08a,586122,0,0x0,6
tick,0x7f2e816fb08a,587167,0,0x0,6
tick,0x7f2e816fb08a,588254,0,0x0,6
tick,0x7f2e816fb08a,589407,0,0x0,6
tick,0x7f2e816fb08a,590551,0,0x0,6
tick,0x7f2e816fb08a,591659,0,0x0,6
tick,0x7f2e816fb08a,592714,0,0x0,6
tick,0x7f2e816fb08a,593743,0,0x0,6
tick,0x7f2e816fb08a,594827,0,0x0,6
tick,0x7f2e816fb08a,595969,0,0x0,6
tick,0x7f2e816fb08a,597040,0,0x0,6
tick,0x7f2e816fb08a,598096,0,0x0,6
tick,0x7f2e816fb08a,599165,0,0x0,6
tick,0x7f2e816fb08a,600224,0,0x0,6
tick,0x7f2e816fb08a,601298,0,0x0,6
tick,0x7f2e816fb08a,602400,0,0x0,6
tick,0x7f2e816fb08a,603503,0,0x0,6
tick,0x7f2e816fb08a,604532,0,0x0,6
tick,0x7f2e816fb08a,605693,0,0x0,6
tick,0x7f2e816fb08a,606755,0,0x0,6
tick,0x7f2e816fb08a,607735,0,0x0,6
tick,0x7f2e816fb08a,608798,0,0x0,6
tick,0x7f2e816fb08a,609859,0,0x0,6
tick,0x7f2e816fb08a,611008,0,0x0,6
tick,0x7f2e816fb08a,612036,0,0x0,6
tick,0x7f2e816fb08a,613103,0,0x0,6
tick,0x7f2e816fb08a,614180,0,0x0,6
tick,0x7f2e816fb08a,615250,0,0x0,6
tick,0x7f2e816fb08a,616281,0,0x0,6
tick,0x7f2e816fb08a,617340,0,0x0,6
tick,0x7f2e816fb08a,618510,0,0x0,6
tick,0x7f2e816fb08a,619583,0,0x0,6
tick,0x7f2e816fb08a,620694,0,0x0,6
tick,0x7f2e816fb08a,621768,0,0x0,6
tick,0x7f2e816fb08a,622881,0,0x0,6
tick,0x7f2e816fb08a,623962,0,0x0,6
tick,0x7f2e816fb08a,625041,0,0x0,6
tick,0x7f2e816fb08a,626087,0,0x0,6
tick,0x7f2e816fb08a,627176,0,0x0,6
tick,0x7f2e816fb08a,628267,0,0x0,6
tick,0x7f2e816fb08a,629405,0,0x0,6
tick,0x7f2e816fb08a,630492,0,0x0,6
tick,0x7f2e816fb08a,631614,0,0x0,6
tick,0x7f2e816fb08a,632642,0,0x0,6
tick,0x7f2e816fb08a,633723,0,0x0,6
tick,0x7f2e816fb08a,634749,0,0x0,6
tick,0x7f2e816fb08a,635840,0,0x0,6
tick,0x7f2e816fb08a,636820,0,0x0,6
tick,0x7f2e816fb08a,637908,0,0x0,6
tick,0x7f2e816fb08a,639066,0,0x0,6
tick,0x7f2e816fb08a,640111,0,0x0,6
tick,0x7f2e816fb08a,641142,0,0x0,6
tick,0x7f2e816fb08a,642269,0,0x0,6
tick,0x7f2e816fb08a,643379,0,0x0,6
tick,0x7f2e816fb08a,644451,0,0x0,6
tick,0x7f2e816fb08a,645591,0,0x0,6
tick,0x7f2e816fb08a,646640,0,0x0,6
tick,0x7f2e816fb08a,647723,0,0x0,6
tick,0x7f2e816fb08a,648792,0,0x0,6
tick,0x7f2e816fb08a,649854,0,0x0,6
tick,0x7f2e816fb08a,650919,0,0x0,6
tick,0x7f2e816fb08a,652007,0,0x0,6
tick,0x7f2e816fb08a,653074,0,0x0,6
tick,0x7f2e816fb08a,654174,0,0x0,6
tick,0x7f2e816fb08a,655169,0,0x0,6
tick,0x7f2e816fb08a,656325,0,0x0,6
tick,0x7f2e816fb08a,657455,0,0x0,6
tick,0x7f2e816fb08a,658552,0,0x0,6
tick,0x7f2e816fb08a,659630,0,0x0,6
tick,0x7f2e816fb08a,660724,0,0x0,6
tick,0x7f2e816fb08a,661799,0,0x0,6
tick,0x7f2e816fb08a,662879,0,0x0,6
tick,0x7f2e816fb08a,663921,0,0x0,6
tick,0x7f2e816fb08a,664978,0,0x0,6
tick,0x7f2e816fb08a,666083,0,0x0,6
tick,0x7f2e816fb08a,667150,0,0x0,6
tick,0x7f2e816fb08a,668225,0,0x0,6
tick,0x7f2e816fb08a,669354,0,0x0,6
tick,0x7f2e816fb08a,670450,0,0x0,6
tick,0x7f2e816fb08a,671593,0,0x0,6
tick,0x7f2e816fb08a,672726,0,0x0,6
tick,0x7f2e816fb08a,673728,0,0x0,6
tick,0x7f2e816fb08a,674734,0,0x0,6
tick,0x7f2e816fb08a,675868,0,0x0,6
tick,0x7f2e816fb08a,676967,0,0x0,6
tick,0x7f2e816fb08a,678010,0,0x0,6
tick,0x7f2e816fb08a,679085,0,0x0,6
tick,0x7f2e816fb08a,680151,0,0x0,6
tick,0x7f2e816fb08a,681214,0,0x0,6
tick,0x7f2e816fb08a,682287,0,0x0,6
tick,0x7f2e816fb08a,683285,0,0x0,6
tick,0x7f2e816fb08a,684410,0,0x0,6
tick,0x7f2e816fb08a,685488,0,0x0,6
tick,0x7f2e816fb08a,686551,0,0x0,6
tick,0x7f2e816fb08a,687610,0,0x0,6
tick,0x7f2e816fb08a,688676,0,0x0,6
tick,0x7f2e816fb08a,689744,0,0x0,6
tick,0x7f2e816fb08a,690863,0,0x0,6
tick,0x7f2e816fb08a,691876,0,0x0,6
tick,0x7f2e816fb08a,693004,0,0x0,6
tick,0x7f2e816fb08a,694124,0,0x0,6
tick,0x7f2e816fb08a,695262,0,0x0,6
tick,0x7f2e816fb08a,696311,0,0x0,6
tick,0x7f2e816fb08a,697382,0,0x0,6
tick,0x7f2e816fb08a,698469,0,0x0,6
tick,0x7f2e816fb08a,699538,0,0x0,6
tick,0x7f2e816fb08a,700597,0,0x0,6
tick,0x7f2e816fb08a,701582,0,0x0,6
tick,0x7f2e816fb08a,702704,0,0x0,6
tick,0x7f2e816fb08a,703795,0,0x0,6
tick,0x7f2e816fb08a,704824,0,0x0,6
tick,0x7f2e816fb08a,705929,0,0x0,6
tick,0x7f2e816fb08a,707000,0,0x0,6
tick,0x7f2e816fb08a,708110,0,0x0,6
tick,0x7f2e816fb08a,709188,0,0x0,6
tick,0x7f2e816fb08a,710254,0,0x0,6
tick,0x7f2e816fb08a,711312,0,0x0,6
tick,0x7f2e816fb08a,712375,0,0x0,6
tick,0x7f2e816fb08a,713390,0,0x0,6
tick,0x7f2e816fb08a,714461,0,0x0,6
tick,0x7f2e816fb08a,715589,0,0x0,6
tick,0x7f2e816fb08a,716683,0,0x0,6
tick,0x7f2e816fb08a,717760,0,0x0,6
tick,0x7f2e816fb08a,718827,0,0x0,6
tick,0x7f2e816fb08a,719890,0,0x0,6
tick,0x7f2e816fb08a,721008,0,0x0,6
tick,0x7f2e816fb08a,722092,0,0x0,6
tick,0x7f2e816fb08a,723160,0,0x0,6
tick,0x7f2e816fb08a,724240,0,0x0,6
tick,0x7f2e816fb08a,725372,0,0x0,6
tick,0x7f2e816fb08a,726391,0,0x0,6
tick,0x7f2e816fb08a,727469,0,0x0,6
tick,0x7f2e816fb08a,728600,0,0x0,6
tick,0x7f2e816fb08a,729684,0,0x0,6
tick,0x7f2e816fb08a,730746,0,0x0,6
tick,0x7f2e816fb08a,731812,0,0x0,6
tick,0x7f2e816fb08a,732886,0,0x0,6
tick,0x7f2e816fb08a,733938,0,0x0,6
tick,0x7f2e816fb08a,734977,0,0x0,6
tick,0x7f2e816fb08a,736131,0,0x0,6
tick,0x7f2e816fb08a,737217,0,0x0,6
tick,0x7f2e816fb08a,738340,0,0x0,6
tick,0x7f2e816fb08a,739408,0,0x0,6
tick,0x7f2e816fb08a,740525,0,0x0,6
tick,0x7f2e816fb08a,741635,0,0x0,6
tick,0x7f2e816fb08a,742730,0,0x0,6
tick,0x7f2e816fb08a,743849,0,0x0,6
tick,0x7f2e816fb08a,744932,0,0x0,6
tick,0x7f2e816fb08a,746054,0,0x0,6
tick,0x7f2e816fb08a,747076,0,0x0,6
tick,0x7f2e816fb08a,748154,0,0x0,6
tick,0x7f2e816fb08a,749305,0,0x0,6
tick,0x7f2e816fb08a,750368,0,0x0,6
tick,0x7f2e816fb08a,751430,0,0x0,6
tick,0x7f2e816fb08a,752461,0,0x0,6
tick,0x7f2e816fb08a,753544,0,0x0,6
tick,0x7f2e816fb08a,754622,0,0x0,6
tick,0x7f2e816fb08a,755667,0,0x0,6
tick,0x7f2e816fb08a,756762,0,0x0,6
tick,0x7f2e816fb08a,757827,0,0x0,6
tick,0x7f2e816fb08a,758898,0,0x0,6
tick,0x7f2e816fb08a,759987,0,0x0,6
tick,0x7f2e816fb08a,761060,0,0x0,6
tick,0x7f2e816fb08a,762135,0,0x0,6
tick,0x7f2e816fb08a,763198,0,0x0,6
tick,0x7f2e816fb08a,764198,0,0x0,6
tick,0x7f2e816fb08a,765322,0,0x0,6
tick,0x7f2e816fb08a,766388,0,0x0,6
tick,0x7f2e816fb08a,767452,0,0x0,6
tick,0x7f2e816fb08a,768524,0,0x0,6
tick,0x7f2e816fb08a,769584,0,0x0,6
tick,0x7f2e816fb08a,770675,0,0x0,6
tick,0x7f2e816fb08a,771721,0,0x0,6
tick,0x7f2e816fb08a,772779,0,0x0,6
tick,0x7f2e816fb08a,773848,0,0x0,6
tick,0x7f2e816fb08a,774945,0,0x0,6
tick,0x7f2e816fb08a,776030,0,0x0,6
tick,0x7f2e816fb08a,777077,0,0x0,6
tick,0x7f2e816fb08a,778165,0,0x0,6
tick,0x7f2e816fb08a,779218,0,0x0,6
tick,0x7f2e816fb08a,780239,0,0x0,6
tick,0x7f2e816fb08a,781369,0,0x0,6
tick,0x7f2e816fb08a,782468,0,0x0,6
tick,0x7f2e816fb08a,783461,0,0x0,6
tick,0x7f2e816fb08a,784530,0,0x0,6
tick,0x7f2e816fb08a,785659,0,0x0,6
tick,0x7f2e816fb08a,786736,0,0x0,6
tick,0x7f2e816fb08a,787800,0,0x0,6
tick,0x7f2e816fb08a,788855,0,0x0,6
tick,0x7f2e816fb08a,789943,0,0x0,6
tick,0x7f2e816fb08a,790984,0,0x0,6
tick,0x7f2e816fb08a,792083,0,0x0,6
tick,0x7f2e816fb08a,793147,0,0x0,6
tick,0x7f2e816fb08a,794188,0,0x0,6
tick,0x7f2e816fb08a,795291,0,0x0,6
tick,0x7f2e816fb08a,796324,0,0x0,6
tick,0x7f2e816fb08a,797430,0,0x0,6
tick,0x7f2e816fb08a,798502,0,0x0,6
tick,0x7f2e816fb08a,799568,0,0x0,6
tick,0x7f2e816fb08a,800619,0,0x0,6
tick,0x7f2e816fb08a,801691,0,0x0,6
tick,0x7f2e816fb08a,802755,0,0x0,6
tick,0x7f2e816fb08a,803896,0,0x0,6
tick,0x7f2e816fb08a,804929,0,0x0,6
tick,0x7f2e816fb08a,805994,0,0x0,6
tick,0x7f2e816fb08a,807027,0,0x0,6
tick,0x7f2e816fb08a,808107,0,0x0,6
tick,0x7f2e816fb08a,809214,0,0x0,6
tick,0x7f2e816fb08a,810261,0,0x0,6
tick,0x7f2e816fb08a,811281,0,0x0,6
tick,0x7f2e816fb08a,812466,0,0x0,6
tick,0x7f2e816fb08a,813487,0,0x0,6
tick,0x7f2e816fb08a,814591,0,0x0,6
tick,0x7f2e816fb08a,815630,0,0x0,6
tick,0x7f2e816fb08a,816680,0,0x0,6
tick,0x7f2e816fb08a,817809,0,0x0,6
tick,0x7f2e816fb08a,818875,0,0x0,6
tick,0x7f2e816fb08a,819931,0,0x0,6
tick,0x7f2e816fb08a,820982,0,0x0,6
tick,0x7f2e816fb08a,822137,0,0x0,6
tick,0x7f2e816fb08a,823170,0,0x0,6
tick,0x7f2e816fb08a,824227,0,0x0,6
tick,0x7f2e816fb08a,825307,0,0x0,6
tick,0x7f2e816fb08a,826375,0,0x0,6
tick,0x7f2e816fb08a,827494,0,0x0,6
tick,0x7f2e816fb08a,828542,0,0x0,6
tick,0x7f2e816fb08a,829611,0,0x0,6
tick,0x7f2e816fb08a,830653,0,0x0,6
tick,0x7f2e816fb08a,831687,0,0x0,6
tick,0x7f2e816fb08a,832752,0,0x0,6
tick,0x7f2e816fb08a,833894,0,0x0,6
tick,0x7f2e816fb08a,834902,0,0x0,6
tick,0x7f2e816fb08a,835994,0,0x0,6
tick,0x7f2e816fb08a,837109,0,0x0,6
tick,0x7f2e816fb08a,838164,0,0x0,6
tick,0x7f2e816fb08a,839286,0,0x0,6
tick,0x7f2e816fb08a,840327,0,0x0,6
tick,0x7f2e816fb08a,841400,0,0x0,6
tick,0x7f2e816fb08a,842527,0,0x0,6
tick,0x7f2e816fb08a,843595,0,0x0,6
tick,0x7f2e816fb08a,844655,0,0x0,6
tick,0x7f2e816fb08a,845725,0,0x0,6
tick,0x7f2e816fb08a,846792,0,0x0,6
tick,0x7f2e816fb08a,847870,0,0x0,6
tick,0x7f2e816fb08a,848865,0,0x0,6
tick,0x7f2e816fb08a,849934,0,0x0,6
tick,0x7f2e816fb08a,851000,0,0x0,6
tick,0x7f2e816fb08a,852123,0,0x0,6
tick,0x7f2e816fb08a,853195,0,0x0,6
tick,0x7f2e816fb08a,854253,0,0x0,6
tick,0x7f2e816fb08a,855378,0,0x0,6
tick,0x7f2e816fb08a,856417,0,0x0,6
tick,0x7f2e816fb08a,857581,0,0x0,6
tick,0x7f2e816fb08a,858596,0,0x0,6
tick,0x7f2e816fb08a,859712,0,0x0,6
tick,0x7f2e816fb08a,860798,0,0x0,6
tick,0x7f2e816fb08a,861871,0,0x0,6
tick,0x7f2e816fb08a,862948,0,0x0,6
tick,0x7f2e816fb08a,863983,0,0x0,6
tick,0x7f2e816fb08a,865154,0,0x0,6
tick,0x7f2e816fb08a,866198,0,0x0,6
tick,0x7f2e816fb08a,867296,0,0x0,6
tick,0x7f2e816fb08a,868421,0,0x0,6
tick,0x7f2e816fb08a,869501,0,0x0,6
tick,0x7f2e816fb08a,870581,0,0x0,6
tick,0x7f2e816fb08a,871618,0,0x0,6
tick,0x7f2e816fb08a,872725,0,0x0,6
tick,0x7f2e816fb08a,873797,0,0x0,6
tick,0x7f2e816fb08a,874943,0,0x0,6
tick,0x7f2e816fb08a,876070,0,0x0,6
tick,0x7f2e816fb08a,877105,0,0x0,6
tick,0x7f2e816fb08a,878254,0,0x0,6
tick,0x7f2e816fb08a,879378,0,0x0,6
tick,0x7f2e816fb08a,880419,0,0x0,6
tick,0x7f2e816fb08a,881629,0,0x0,6
tick,0x7f2e816fb08a,882678,0,0x0,6
tick,0x7f2e816fb08a,883716,0,0x0,6
tick,0x7f2e816fb08a,884811,0,0x0,6
tick,0x7f2e816fb08a,885939,0,0x0,6
tick,0x7f2e816fb08a,887061,0,0x0,6
tick,0x7f2e816fb08a,888141,0,0x0,6
tick,0x7f2e816fb08a,889297,0,0x0,6
tick,0x7f2e816fb08a,890298,0,0x0,6
tick,0x7f2e816fb08a,891362,0,0x0,6
tick,0x7f2e816fb08a,892456,0,0x0,6
tick,0x7f2e816fb08a,893543,0,0x0,6
tick,0x7f2e816fb08a,894627,0,0x0,6
tick,0x7f2e816fb08a,895701,0,0x0,6
tick,0x7f2e816fb08a,896731,0,0x0,6
tick,0x7f2e816fb08a,897894,0,0x0,6
tick,0x7f2e816fb08a,898844,0,0x0,6
tick,0x7f2e816fb08a,899909,0,0x0,6
tick,0x7f2e816fb08a,901036,0,0x0,6
tick,0x7f2e816fb08a,902124,0,0x0,6
tick,0x7f2e816fb08a,903193,0,0x0,6
tick,0x7f2e816fb08a,904265,0,0x0,6
tick,0x7f2e816fb08a,905348,0,0x0,6
tick,0x7f2e816fb08a,906466,0,0x0,6
tick,0x7f2e816fb08a,907486,0,0x0,6
tick,0x7f2e816fb08a,908652,0,0x0,6
tick,0x7f2e816fb08a,909669,0,0x0,6
tick,0x7f2e816fb08a,910791,0,0x0,6
tick,0x7f2e816fb08a,911933,0,0x0,6
tick,0x7f2e816fb08a,913049,0,0x0,6
tick,0x7f2e816fb08a,914076,0,0x0,6
tick,0x7f2e816fb08a,915146,0,0x0,6
tick,0x7f2e816fb08a,916215,0,0x0,6
tick,0x7f2e816fb08a,917283,0,0x0,6
tick,0x7f2e816fb08a,918376,0,0x0,6
tick,0x7f2e816fb08a,919423,0,0x0,6
tick,0x7f2e816fb08a,920479,0,0x0,6
tick,0x7f2e816fb08a,921640,0,0x0,6
tick,0x7f2e816fb08a,922769,0,0x0,6
tick,0x7f2e816fb08a,923800,0,0x0,6
tick,0x7f2e816fb08a,924932,0,0x0,6
tick,0x7f2e816fb08a,926122,0,0x0,6
tick,0x7f2e816fb08a,927194,0,0x0,6
tick,0x7f2e816fb08a,928246,0,0x0,6
tick,0x7f2e816fb08a,929295,0,0x0,6
tick,0x7f2e816fb08a,930371,0,0x0,6
tick,0x7f2e816fb08a,931450,0,0x0,6
tick,0x7f2e816fb08a,932635,0,0x0,6
tick,0x7f2e816fb08a,933640,0,0x0,6
tick,0x7f2e816fb08a,934713,0,0x0,6
tick,0x7f2e816fb08a,935843,0,0x0,6
tick,0x7f2e816fb08a,936845,0,0x0,6
tick,0x7f2e816fb08a,937927,0,0x0,6
tick,0x7f2e816fb08a,939015,0,0x0,6
tick,0x7f2e816fb08a,940060,0,0x0,6
tick,0x7f2e816fb08a,941173,0,0x0,6
tick,0x7f2e816fb08a,942245,0,0x0,6
tick,0x7f2e816fb08a,943313,0,0x0,6
tick,0x7f2e816fb08a,944341,0,0x0,6
tick,0x7f2e816fb08a,945443,0,0x0,6
tick,0x7f2e816fb08a,946511,0,0x0,6
tick,0x7f2e816fb08a,947522,0,0x0,6
tick,0x7f2e816fb08a,948662,0,0x0,6
tick,0x7f2e816fb08a,949768,0,0x0,6
tick,0x7f2e816fb08a,950814,0,0x0,6
tick,0x7f2e816fb08a,951897,0,0x0,6
tick,0x7f2e816fb08a,952971,0,0x0,6
tick,0x7f2e816fb08a,954072,0,0x0,6
tick,0x7f2e816fb08a,955181,0,0x0,6
tick,0x7f2e816fb08a,956251,0,0x0,6
tick,0x7f2e816fb08a,957279,0,0x0,6
tick,0x7f2e816fb08a,958428,0,0x0,6
tick,0x7f2e816fb08a,959528,0,0x0,6
tick,0x7f2e816fb08a,960590,0,0x0,6
tick,0x7f2e816fb08a,961713,0,0x0,6
tick,0x7f2e816fb08a,962767,0,0x0,6
tick,0x7f2e816fb08a,963910,0,0x0,6
tick,0x7f2e816fb08a,964934,0,0x0,6
tick,0x7f2e816fb08a,965991,0,0x0,6
tick,0x7f2e816fb08a,967055,0,0x0,6
tick,0x7f2e816fb08a,968124,0,0x0,6
tick,0x7f2e816fb08a,969225,0,0x0,6
tick,0x7f2e816fb08a,970256,0,0x0,6
tick,0x7f2e816fb08a,971318,0,0x0,6
tick,0x7f2e816fb08a,972376,0,0x0,6
tick,0x7f2e816fb08a,973419,0,0x0,6
tick,0x7f2e816fb08a,974532,0,0x0,6
tick,0x7f2e816fb08a,975603,0,0x0,6
tick,0x7f2e816fb08a,976649,0,0x0,6
tick,0x7f2e816fb08a,977739,0,0x0,6
tick,0x7f2e816fb08a,978816,0,0x0,6
tick,0x7f2e816fb08a,979871,0,0x0,6
tick,0x7f2e816fb08a,980913,0,0x0,6
tick,0x7f2e816fb08a,981965,0,0x0,6
tick,0x7f2e816fb08a,983035,0,0x0,6
tick,0x7f2e816fb08a,984145,0,0x0,6
tick,0x7f2e816fb08a,985214,0,0x0,6
tick,0x7f2e816fb08a,986286,0,0x0,6
tick,0x7f2e816fb08a,987374,0,0x0,6
tick,0x7f2e816fb08a,988443,0,0x0,6
tick,0x7f2e816fb08a,989564,0,0x0,6
tick,0x7f2e816fb08a,990595,0,0x0,6
tick,0x7f2e816fb08a,991559,0,0x0,6
tick,0x7f2e816fb08a,992809,0,0x0,6
tick,0x7f2e816fb08a,993933,0,0x0,6
tick,0x7f2e816fb08a,995175,0,0x0,6
tick,0x7f2e816fb08a,996202,0,0x0,6
tick,0x7f2e816fb08a,997272,0,0x0,6
tick,0x7f2e816fb08a,998371,0,0x0,6
tick,0x7f2e816fb08a,999377,0,0x0,6
tick,0x7f2e816fb08a,1000512,0,0x0,6
tick,0x7f2e816fb08a,1001506,0,0x0,6
tick,0x7f2e816fb08a,1002665,0,0x0,6
tick,0x7f2e816fb08a,1003738,0,0x0,6
tick,0x7f2e816fb08a,1004734,0,0x0,6
tick,0x7f2e816fb08a,1005823,0,0x0,6
tick,0x7f2e816fb08a,1006862,0,0x0,6
tick,0x7f2e816fb08a,1007930,0,0x0,6
tick,0x7f2e816fb08a,1009118,0,0x0,6
tick,0x7f2e816fb08a,1010133,0,0x0,6
tick,0x7f2e816fb08a,1011177,0,0x0,6
tick,0x7f2e816fb08a,1012256,0,0x0,6
tick,0x7f2e816fb08a,1013362,0,0x0,6
tick,0x7f2e816fb08a,1014535,0,0x0,6
tick,0x7f2e816fb08a,1015440,0,0x0,6
tick,0x7f2e816fb08a,1016506,0,0x0,6
tick,0x7f2e816fb08a,1017564,0,0x0,6
tick,0x7f2e816fb08a,1018731,0,0x0,6
tick,0x7f2e816fb08a,1019806,0,0x0,6
tick,0x7f2e816fb08a,1020896,0,0x0,6
tick,0x7f2e816fb08a,1021955,0,0x0,6
tick,0x7f2e816fb08a,1023033,0,0x0,6
tick,0x7f2e816fb08a,1024160,0,0x0,6
tick,0x7f2e816fb08a,1025219,0,0x0,6
tick,0x7f2e816fb08a,1026301,0,0x0,6
tick,0x7f2e816fb08a,1027423,0,0x0,6
tick,0x7f2e816fb08a,1028442,0,0x0,6
tick,0x7f2e816fb08a,1029480,0,0x0,6
tick,0x7f2e816fb08a,1030540,0,0x0,6
tick,0x7f2e816fb08a,1031620,0,0x0,6
tick,0x7f2e816fb08a,1032650,0,0x0,6
tick,0x7f2e816fb08a,1033743,0,0x0,6
tick,0x7f2e816fb08a,1034773,0,0x0,6
tick,0x7f2e816fb08a,1035879,0,0x0,6
tick,0x7f2e816fb08a,1036926,0,0x0,6
tick,0x7f2e816fb08a,1037989,0,0x0,6
tick,0x7f2e816fb08a,1039071,0,0x0,6
tick,0x7f2e816fb08a,1040070,0,0x0,6
tick,0x7f2e816fb08a,1041178,0,0x0,6
tick,0x7f2e816fb08a,1042275,0,0x0,6
tick,0x7f2e816fb08a,1043393,0,0x0,6
tick,0x7f2e816fb08a,1044498,0,0x0,6
tick,0x7f2e816fb08a,1045578,0,0x0,6
tick,0x7f2e816fb08a,1046654,0,0x0,6
tick,0x7f2e816fb08a,1047844,0,0x0,6
tick,0x7f2e816fb08a,1048809,0,0x0,6
tick,0x7f2e816fb08a,1049827,0,0x0,6
tick,0x7f2e816fb08a,1050952,0,0x0,6
tick,0x7f2e816fb08a,1052028,0,0x0,6
tick,0x7f2e816fb08a,1052983,0,0x0,6
tick,0x7f2e816fb08a,1054054,0,0x0,6
tick,0x7f2e816fb08a,1055276,0,0x0,6
tick,0x7f2e816fb08a,1056367,0,0x0,6
tick,0x7f2e816fb08a,1057411,0,0x0,6
tick,0x7f2e816fb08a,1058543,0,0x0,6
tick,0x7f2e816fb08a,1059609,0,0x0,6
tick,0x7f2e816fb08a,1060744,0,0x0,6
tick,0x7f2e816fb08a,1061829,0,0x0,6
tick,0x7f2e816fb08a,1062949,0,0x0,6
tick,0x7f2e816fb08a,1064016,0,0x0,6
tick,0x7f2e816fb08a,1065076,0,0x0,6
tick,0x7f2e816fb08a,1066228,0,0x0,6
tick,0x7f2e816fb08a,1067302,0,0x0,6
tick,0x7f2e816fb08a,1068290,0,0x0,6
tick,0x7f2e816fb08a,1069349,0,0x0,6
tick,0x7f2e816fb08a,1070408,0,0x0,6
tick,0x7f2e816fb08a,1071475,0,0x0,6
tick,0x7f2e816fb08a,1072541,0,0x0,6
tick,0x7f2e816fb08a,1073603,0,0x0,6
tick,0x7f2e816fb08a,1074670,0,0x0,6
tick,0x7f2e816fb08a,1075770,0,0x0,6
tick,0x7f2e816fb08a,1076833,0,0x0,6
tick,0x7f2e816fb08a,1077892,0,0x0,6
tick,0x7f2e816fb08a,1079028,0,0x0,6
tick,0x7f2e816fb08a,1080064,0,0x0,6
tick,0x7f2e816fb08a,1081117,0,0x0,6
tick,0x7f2e816fb08a,1082257,0,0x0,6
tick,0x7f2e816fb08a,1083327,0,0x0,6
tick,0x7f2e816fb08a,1084383,0,0x0,6
tick,0x7f2e816fb08a,1085449,0,0x0,6
tick,0x7f2e816fb08a,1086537,0,0x0,6
tick,0x7f2e816fb08a,1087597,0,0x0,6
tick,0x7f2e816fb08a,1088636,0,0x0,6
tick,0x7f2e816fb08a,1089678,0,0x0,6
tick,0x7f2e816fb08a,1090754,0,0x0,6
tick,0x7f2e816fb08a,1091829,0,0x0,6
tick,0x7f2e816fb08a,1092904,0,0x0,6
tick,0x7f2e816fb08a,1093965,0,0x0,6
tick,0x7f2e816fb08a,1095040,0,0x0,6
tick,0x7f2e816fb08a,1096106,0,0x0,6
tick,0x7f2e816fb08a,1097170,0,0x0,6
tick,0x7f2e816fb08a,1098229,0,0x0,6
tick,0x7f2e816fb08a,1099270,0,0x0,6
tick,0x7f2e816fb08a,1100352,0,0x0,6
tick,0x7f2e816fb08a,1101409,0,0x0,6
tick,0x7f2e816fb08a,1102455,0,0x0,6
tick,0x7f2e816fb08a,1103569,0,0x0,6
tick,0x7f2e816fb08a,1104619,0,0x0,6
tick,0x7f2e816fb08a,1105696,0,0x0,6
tick,0x7f2e816fb08a,1106748,0,0x0,6
tick,0x7f2e816fb08a,1107810,0,0x0,6
tick,0x7f2e816fb08a,1108888,0,0x0,6
tick,0x7f2e816fb08a,1109938,0,0x0,6
tick,0x7f2e816fb08a,1111011,0,0x0,6
tick,0x7f2e816fb08a,1112090,0,0x0,6
tick,0x7f2e816fb08a,1113167,0,0x0,6
tick,0x7f2e816fb08a,1114215,0,0x0,6
tick,0x7f2e816fb08a,1115284,0,0x0,6
tick,0x7f2e816fb08a,1116376,0,0x0,6
tick,0x7f2e816fb08a,1117444,0,0x0,6
tick,0x7f2e816fb08a,1118526,0,0x0,6
tick,0x7f2e816fb08a,1119559,0,0x0,6
tick,0x7f2e816fb08a,1120631,0,0x0,6
tick,0x7f2e816fb08a,1121721,0,0x0,6
tick,0x7f2e816fb08a,1122800,0,0x0,6
tick,0x7f2e816fb08a,1123861,0,0x0,6
tick,0x7f2e816fb08a,1124978,0,0x0,6
tick,0x7f2e816fb08a,1126047,0,0x0,6
tick,0x7f2e816fb08a,1127071,0,0x0,6
tick,0x7f2e816fb08a,1128134,0,0x0,6
tick,0x7f2e816fb08a,1129179,0,0x0,6
tick,0x7f2e816fb08a,1130287,0,0x0,6
tick,0x7f2e816fb08a,1131314,0,0x0,6
tick,0x7f2e816fb08a,1132400,0,0x0,6
tick,0x7f2e816fb08a,1133473,0,0x0,6
tick,0x7f2e816fb08a,1134529,0,0x0,6
tick,0x7f2e816fb08a,1135549,0,0x0,6
tick,0x7f2e816fb08a,1136609,0,0x0,6
tick,0x7f2e816fb08a,1137725,0,0x0,6
tick,0x7f2e816fb08a,1138740,0,0x0,6
tick,0x7f2e816fb08a,1139820,0,0x0,6
tick,0x7f2e816fb08a,1140948,0,0x0,6
tick,0x7f2e816fb08a,1142052,0,0x0,6
tick,0x7f2e816fb08a,1143145,0,0x0,6
tick,0x7f2e816fb08a,1144188,0,0x0,6
tick,0x7f2e816fb08a,1145248,0,0x0,6
tick,0x7f2e816fb08a,1146344,0,0x0,6
tick,0x7f2e816fb08a,1147380,0,0x0,6
tick,0x7f2e816fb08a,1148430,0,0x0,6
tick,0x7f2e816fb08a,1149488,0,0x0,6
tick,0x7f2e816fb08a,1150586,0,0x0,6
tick,0x7f2e816fb08a,1151718,0,0x0,6
tick,0x7f2e816fb08a,1152798,0,0x0,6
tick,0x7f2e816fb08a,1153871,0,0x0,6
tick,0x7f2e816fb08a,1154971,0,0x0,6
tick,0x7f2e816fb08a,1156015,0,0x0,6
tick,0x7f2e816fb08a,1157020,0,0x0,6
tick,0x7f2e816fb08a,1158038,0,0x0,6
tick,0x7f2e816fb08a,1159181,0,0x0,6
tick,0x7f2e816fb08a,1160315,0,0x0,6
tick,0x7f2e816fb08a,1161385,0,0x0,6
tick,0x7f2e816fb08a,1162409,0,0x0,6
tick,0x7f2e816fb08a,1163480,0,0x0,6
tick,0x7f2e816fb08a,1164535,0,0x0,6
tick,0x7f2e816fb08a,1165553,0,0x0,6
tick,0x7f2e816fb08a,1166623,0,0x0,6
tick,0x7f2e816fb08a,1167695,0,0x0,6
tick,0x7f2e816fb08a,1168774,0,0x0,6
tick,0x7f2e816fb08a,1169867,0,0x0,6
tick,0x7f2e816fb08a,1170960,0,0x0,6
tick,0x7f2e816fb08a,1172065,0,0x0,6
tick,0x7f2e816fb08a,1173074,0,0x0,6
tick,0x7f2e816fb08a,1174123,0,0x0,6
tick,0x7f2e816fb08a,1175176,0,0x0,6
tick,0x7f2e816fb08a,1176259,0,0x0,6
tick,0x7f2e816fb08a,1177350,0,0x0,6
tick,0x7f2e816fb08a,1178431,0,0x0,6
tick,0x7f2e816fb08a,1179470,0,0x0,6
tick,0x7f2e816fb08a,1180538,0,0x0,6
tick,0x7f2e816fb08a,1181657,0,0x0,6
tick,0x7f2e816fb08a,1182677,0,0x0,6
tick,0x7f2e816fb08a,1183743,0,0x0,6
tick,0x7f2e816fb08a,1184777,0,0x0,6
tick,0x7f2e816fb08a,1185845,0,0x0,6
tick,0x7f2e816fb08a,1186910,0,0x0,6
tick,0x7f2e816fb08a,1188036,0,0x0,6
tick,0x7f2e816fb08a,1189106,0,0x0,6
tick,0x7f2e816fb08a,1190167,0,0x0,6
tick,0x7f2e816fb08a,1191210,0,0x0,6
tick,0x7f2e816fb08a,1192315,0,0x0,6
tick,0x7f2e816fb08a,1193364,0,0x0,6
tick,0x7f2e816fb08a,1194455,0,0x0,6
tick,0x7f2e816fb08a,1195524,0,0x0,6
tick,0x7f2e816fb08a,1196592,0,0x0,6
tick,0x7f2e816fb08a,1197831,0,0x0,6
tick,0x7f2e816fb08a,1198860,0,0x0,6
tick,0x7f2e816fb08a,1199892,0,0x0,6
tick,0x7f2e816fb08a,1200916,0,0x0,6
tick,0x7f2e816fb08a,1202054,0,0x0,6
tick,0x7f2e816fb08a,1203151,0,0x0,6
tick,0x7f2e816fb08a,1204221,0,0x0,6
tick,0x7f2e816fb08a,1205250,0,0x0,6
tick,0x7f2e816fb08a,1206328,0,0x0,6
tick,0x7f2e816fb08a,1207391,0,0x0,6
tick,0x7f2e816fb08a,1208470,0,0x0,6
tick,0x7f2e816fb08a,1209515,0,0x0,6
tick,0x7f2e816fb08a,1210611,0,0x0,6
tick,0x7f2e816fb08a,1211707,0,0x0,6
tick,0x7f2e816fb08a,1212807,0,0x0,6
tick,0x7f2e816fb08a,1213887,0,0x0,6
tick,0x7f2e816fb08a,1215005,0,0x0,6
tick,0x7f2e816fb08a,1216105,0,0x0,6
tick,0x7f2e816fb08a,1217231,0,0x0,6
tick,0x7f2e816fb08a,1218342,0,0x0,6
tick,0x7f2e816fb08a,1219356,0,0x0,6
tick,0x7f2e816fb08a,1220478,0,0x0,6
tick,0x7f2e816fb08a,1221607,0,0x0,6
tick,0x7f2e816fb08a,1222691,0,0x0,6
tick,0x7f2e816fb08a,1223715,0,0x0,6
tick,0x7f2e816fb08a,1224737,0,0x0,6
tick,0x7f2e816fb08a,1225909,0,0x0,6
tick,0x7f2e816fb08a,1226908,0,0x0,6
tick,0x7f2e816fb08a,1228007,0,0x0,6
tick,0x7f2e816fb08a,1229130,0,0x0,6
tick,0x7f2e816fb08a,1230196,0,0x0,6
tick,0x7f2e816fb08a,1231215,0,0x0,6
tick,0x7f2e816fb08a,1232300,0,0x0,6
tick,0x7f2e816fb08a,1233366,0,0x0,6
tick,0x7f2e816fb08a,1234381,0,0x0,6
tick,0x7f2e816fb08a,1235468,0,0x0,6
tick,0x7f2e816fb08a,1236531,0,0x0,6
tick,0x7f2e816fb08a,1237631,0,0x0,6
tick,0x7f2e816fb08a,1238693,0,0x0,6
tick,0x7f2e816fb08a,1239764,0,0x0,6
tick,0x7f2e816fb08a,1240864,0,0x0,6
tick,0x7f2e816fb08a,1241946,0,0x0,6
tick,0x7f2e816fb08a,1243014,0,0x0,6
tick,0x7f2e816fb08a,1244080,0,0x0,6
tick,0x7f2e816fb08a,1245162,0,0x0,6
tick,0x7f2e816fb08a,1246230,0,0x0,6
tick,0x7f2e816fb08a,1247292,0,0x0,6
tick,0x7f2e816fb08a,1248336,0,0x0,6
tick,0x7f2e816fb08a,1249515,0,0x0,6
tick,0x7f2e816fb08a,1250670,0,0x0,6
tick,0x7f2e816fb08a,1251652,0,0x0,6
tick,0x7f2e816fb08a,1252759,0,0x0,6
tick,0x7f2e816fb08a,1253826,0,0x0,6
tick,0x7f2e816fb08a,1254920,0,0x0,6
tick,0x7f2e816fb08a,1255979,0,0x0,6
tick,0x7f2e816fb08a,1257045,0,0x0,6
tick,0x7f2e816fb08a,1258089,0,0x0,6
tick,0x7f2e816fb08a,1259227,0,0x0,6
tick,0x7f2e816fb08a,1260302,0,0x0,6
tick,0x7f2e816fb08a,1261303,0,0x0,6
tick,0x7f2e816fb08a,1262412,0,0x0,6
tick,0x7f2e816fb08a,1263512,0,0x0,6
tick,0x7f2e816fb08a,1264552,0,0x0,6
tick,0x7f2e816fb08a,1265603,0,0x0,6
tick,0x7f2e816fb08a,1266640,0,0x0,6
tick,0x7f2e816fb08a,1267707,0,0x0,6
tick,0x7f2e816fb08a,1268861,0,0x0,6
tick,0x7f2e816fb08a,1269868,0,0x0,6
tick,0x7f2e816fb08a,1270978,0,0x0,6
tick,0x7f2e816fb08a,1272048,0,0x0,6
tick,0x7f2e816fb08a,1273121,0,0x0,6
tick,0x7f2e816fb08a,1274204,0,0x0,6
tick,0x7f2e816fb08a,1275279,0,0x0,6
tick,0x7f2e816fb08a,1276359,0,0x0,6
tick,0x7f2e816fb08a,1277406,0,0x0,6
tick,0x7f2e816fb08a,1278508,0,0x0,6
tick,0x7f2e816fb08a,1279533,0,0x0,6
tick,0x7f2e816fb08a,1280619,0,0x0,6
tick,0x7f2e816fb08a,1281747,0,0x0,6
tick,0x7f2e816fb08a,1282848,0,0x0,6
tick,0x7f2e816fb08a,1283928,0,0x0,6
tick,0x7f2e816fb08a,1285007,0,0x0,6
tick,0x7f2e816fb08a,1286178,0,0x0,6
tick,0x7f2e816fb08a,1287220,0,0x0,6
tick,0x7f2e816fb08a,1288394,0,0x0,6
tick,0x7f2e816fb08a,1289533,0,0x0,6
tick,0x7f2e816fb08a,1290647,0,0x0,6
tick,0x7f2e816fb08a,1291687,0,0x0,6
tick,0x7f2e816fb08a,1292728,0,0x0,6
tick,0x7f2e816fb08a,1293834,0,0x0,6
tick,0x7f2e816fb08a,1294879,0,0x0,6
tick,0x7f2e816fb08a,1295975,0,0x0,6
tick,0x7f2e816fb08a,1296991,0,0x0,6
tick,0x7f2e816fb08a,1298058,0,0x0,6
tick,0x7f2e816fb08a,1299152,0,0x0,6
tick,0x7f2e816fb08a,1300226,0,0x0,6
tick,0x7f2e816fb08a,1301314,0,0x0,6
tick,0x7f2e816fb08a,1302341,0,0x0,6
tick,0x7f2e816fb08a,1303438,0,0x0,6
tick,0x7f2e816fb08a,1304509,0,0x0,6
tick,0x7f2e816fb08a,1305577,0,0x0,6
tick,0x7f2e816fb08a,1306604,0,0x0,6
tick,0x7f2e816fb08a,1307753,0,0x0,6
tick,0x7f2e816fb08a,1308804,0,0x0,6
tick,0x7f2e816fb08a,1309866,0,0x0,6
tick,0x7f2e816fb08a,1310919,0,0x0,6
tick,0x7f2e816fb08a,1311995,0,0x0,6
tick,0x7f2e816fb08a,1313036,0,0x0,6
